<?xml version="1.0" encoding="UTF-8"?>
<coverage generated="1707799056661" clover="3.2.0">
  <project timestamp="1707799056661" name="All files">
    <metrics statements="55" coveredstatements="44" conditionals="20" coveredconditionals="16" methods="5" coveredmethods="4" elements="80" coveredelements="64" complexity="0" loc="55" ncloc="55" packages="1" files="4" classes="4"/>
    <file name="task_01.js" path="D:\4 курс\2-семестр\Тестирование ПО\labs\lab1\task\task_01.js">
      <metrics statements="10" coveredstatements="1" conditionals="4" coveredconditionals="0" methods="1" coveredmethods="0"/>
      <line num="2" count="0" type="stmt"/>
      <line num="4" count="0" type="cond" truecount="0" falsecount="2"/>
      <line num="5" count="0" type="stmt"/>
      <line num="6" count="0" type="stmt"/>
      <line num="7" count="0" type="stmt"/>
      <line num="8" count="0" type="cond" truecount="0" falsecount="2"/>
      <line num="9" count="0" type="stmt"/>
      <line num="10" count="0" type="stmt"/>
      <line num="12" count="0" type="stmt"/>
      <line num="19" count="1" type="stmt"/>
    </file>
    <file name="task_02.js" path="D:\4 курс\2-семестр\Тестирование ПО\labs\lab1\task\task_02.js">
      <metrics statements="22" coveredstatements="20" conditionals="12" coveredconditionals="12" methods="1" coveredmethods="1"/>
      <line num="2" count="11" type="cond" truecount="2" falsecount="0"/>
      <line num="3" count="2" type="stmt"/>
      <line num="6" count="9" type="cond" truecount="2" falsecount="0"/>
      <line num="7" count="1" type="stmt"/>
      <line num="10" count="8" type="cond" truecount="4" falsecount="0"/>
      <line num="11" count="1" type="stmt"/>
      <line num="14" count="7" type="cond" truecount="2" falsecount="0"/>
      <line num="15" count="1" type="stmt"/>
      <line num="18" count="6" type="cond" truecount="2" falsecount="0"/>
      <line num="20" count="5" type="stmt"/>
      <line num="21" count="5" type="stmt"/>
      <line num="22" count="3044" type="stmt"/>
      <line num="23" count="3044" type="stmt"/>
      <line num="24" count="3044" type="stmt"/>
      <line num="26" count="5" type="stmt"/>
      <line num="29" count="1" type="stmt"/>
      <line num="31" count="1" type="stmt"/>
      <line num="32" count="0" type="stmt"/>
      <line num="33" count="0" type="stmt"/>
      <line num="36" count="1" type="stmt"/>
      <line num="42" count="1" type="stmt"/>
      <line num="44" count="1" type="stmt"/>
    </file>
    <file name="task_03.js" path="D:\4 курс\2-семестр\Тестирование ПО\labs\lab1\task\task_03.js">
      <metrics statements="12" coveredstatements="12" conditionals="4" coveredconditionals="4" methods="2" coveredmethods="2"/>
      <line num="5" count="188" type="stmt"/>
      <line num="7" count="27" type="stmt"/>
      <line num="8" count="27" type="stmt"/>
      <line num="10" count="27" type="stmt"/>
      <line num="11" count="65" type="stmt"/>
      <line num="13" count="65" type="cond" truecount="2" falsecount="0"/>
      <line num="14" count="22" type="stmt"/>
      <line num="15" count="43" type="cond" truecount="2" falsecount="0"/>
      <line num="16" count="32" type="stmt"/>
      <line num="18" count="11" type="stmt"/>
      <line num="22" count="5" type="stmt"/>
      <line num="31" count="1" type="stmt"/>
    </file>
    <file name="task_04.js" path="D:\4 курс\2-семестр\Тестирование ПО\labs\lab1\task\task_04.js">
      <metrics statements="11" coveredstatements="11" conditionals="0" coveredconditionals="0" methods="1" coveredmethods="1"/>
      <line num="2" count="9" type="stmt"/>
      <line num="3" count="9" type="stmt"/>
      <line num="6" count="9" type="stmt"/>
      <line num="8" count="9" type="stmt"/>
      <line num="9" count="28" type="stmt"/>
      <line num="10" count="85" type="stmt"/>
      <line num="20" count="9" type="stmt"/>
      <line num="23" count="1" type="stmt"/>
      <line num="30" count="1" type="stmt"/>
      <line num="31" count="1" type="stmt"/>
      <line num="33" count="1" type="stmt"/>
    </file>
  </project>
</coverage>
