{"D:\\4 курс\\2-семестр\\Тестирование ПО\\labs\\lab1\\task\\task_01.js": {"path":"D:\\4 курс\\2-семестр\\Тестирование ПО\\labs\\lab1\\task\\task_01.js","statementMap":{"0":{"start":{"line":2,"column":23},"end":{"line":2,"column":41}},"1":{"start":{"line":4,"column":4},"end":{"line":13,"column":5}},"2":{"start":{"line":5,"column":17},"end":{"line":5,"column":57}},"3":{"start":{"line":6,"column":17},"end":{"line":6,"column":57}},"4":{"start":{"line":7,"column":8},"end":{"line":7,"column":51}},"5":{"start":{"line":8,"column":11},"end":{"line":13,"column":5}},"6":{"start":{"line":9,"column":16},"end":{"line":9,"column":28}},"7":{"start":{"line":10,"column":8},"end":{"line":10,"column":39}},"8":{"start":{"line":12,"column":8},"end":{"line":12,"column":41}},"9":{"start":{"line":19,"column":0},"end":{"line":19,"column":40}}},"fnMap":{"0":{"name":"solveQuadraticEquation","decl":{"start":{"line":1,"column":9},"end":{"line":1,"column":31}},"loc":{"start":{"line":1,"column":41},"end":{"line":14,"column":1}},"line":1}},"branchMap":{"0":{"loc":{"start":{"line":4,"column":4},"end":{"line":13,"column":5}},"type":"if","locations":[{"start":{"line":4,"column":4},"end":{"line":13,"column":5}},{"start":{"line":8,"column":11},"end":{"line":13,"column":5}}],"line":4},"1":{"loc":{"start":{"line":8,"column":11},"end":{"line":13,"column":5}},"type":"if","locations":[{"start":{"line":8,"column":11},"end":{"line":13,"column":5}},{"start":{"line":11,"column":11},"end":{"line":13,"column":5}}],"line":8}},"s":{"0":0,"1":0,"2":0,"3":0,"4":0,"5":0,"6":0,"7":0,"8":0,"9":1},"f":{"0":0},"b":{"0":[0,0],"1":[0,0]},"_coverageSchema":"1a1c01bbd47fc00a2c39e90264f33305004495a9","hash":"2a2dc56c2a852c7ef6e69d498d12c692637e8fb0"}
,"D:\\4 курс\\2-семестр\\Тестирование ПО\\labs\\lab1\\task\\task_02.js": {"path":"D:\\4 курс\\2-семестр\\Тестирование ПО\\labs\\lab1\\task\\task_02.js","statementMap":{"0":{"start":{"line":2,"column":4},"end":{"line":4,"column":5}},"1":{"start":{"line":3,"column":8},"end":{"line":3,"column":82}},"2":{"start":{"line":6,"column":4},"end":{"line":8,"column":5}},"3":{"start":{"line":7,"column":8},"end":{"line":7,"column":54}},"4":{"start":{"line":10,"column":4},"end":{"line":12,"column":5}},"5":{"start":{"line":11,"column":8},"end":{"line":11,"column":53}},"6":{"start":{"line":14,"column":4},"end":{"line":16,"column":5}},"7":{"start":{"line":15,"column":8},"end":{"line":15,"column":59}},"8":{"start":{"line":18,"column":4},"end":{"line":27,"column":5}},"9":{"start":{"line":20,"column":19},"end":{"line":20,"column":20}},"10":{"start":{"line":20,"column":32},"end":{"line":20,"column":33}},"11":{"start":{"line":21,"column":8},"end":{"line":25,"column":9}},"12":{"start":{"line":21,"column":21},"end":{"line":21,"column":22}},"13":{"start":{"line":22,"column":31},"end":{"line":22,"column":45}},"14":{"start":{"line":23,"column":12},"end":{"line":23,"column":27}},"15":{"start":{"line":24,"column":12},"end":{"line":24,"column":33}},"16":{"start":{"line":26,"column":8},"end":{"line":26,"column":23}},"17":{"start":{"line":29,"column":19},"end":{"line":29,"column":25}},"18":{"start":{"line":31,"column":4},"end":{"line":34,"column":5}},"19":{"start":{"line":31,"column":17},"end":{"line":31,"column":18}},"20":{"start":{"line":32,"column":27},"end":{"line":32,"column":60}},"21":{"start":{"line":33,"column":8},"end":{"line":33,"column":34}},"22":{"start":{"line":36,"column":4},"end":{"line":39,"column":6}},"23":{"start":{"line":42,"column":0},"end":{"line":42,"column":33}},"24":{"start":{"line":44,"column":0},"end":{"line":44,"column":32}}},"fnMap":{"0":{"name":"solveFibonacci","decl":{"start":{"line":1,"column":9},"end":{"line":1,"column":23}},"loc":{"start":{"line":1,"column":27},"end":{"line":40,"column":1}},"line":1}},"branchMap":{"0":{"loc":{"start":{"line":2,"column":4},"end":{"line":4,"column":5}},"type":"if","locations":[{"start":{"line":2,"column":4},"end":{"line":4,"column":5}},{"start":{},"end":{}}],"line":2},"1":{"loc":{"start":{"line":6,"column":4},"end":{"line":8,"column":5}},"type":"if","locations":[{"start":{"line":6,"column":4},"end":{"line":8,"column":5}},{"start":{},"end":{}}],"line":6},"2":{"loc":{"start":{"line":10,"column":4},"end":{"line":12,"column":5}},"type":"if","locations":[{"start":{"line":10,"column":4},"end":{"line":12,"column":5}},{"start":{},"end":{}}],"line":10},"3":{"loc":{"start":{"line":10,"column":7},"end":{"line":10,"column":49}},"type":"binary-expr","locations":[{"start":{"line":10,"column":7},"end":{"line":10,"column":25}},{"start":{"line":10,"column":29},"end":{"line":10,"column":49}}],"line":10},"4":{"loc":{"start":{"line":14,"column":4},"end":{"line":16,"column":5}},"type":"if","locations":[{"start":{"line":14,"column":4},"end":{"line":16,"column":5}},{"start":{},"end":{}}],"line":14},"5":{"loc":{"start":{"line":18,"column":4},"end":{"line":27,"column":5}},"type":"if","locations":[{"start":{"line":18,"column":4},"end":{"line":27,"column":5}},{"start":{},"end":{}}],"line":18}},"s":{"0":11,"1":2,"2":9,"3":1,"4":8,"5":1,"6":7,"7":1,"8":6,"9":5,"10":5,"11":5,"12":5,"13":3044,"14":3044,"15":3044,"16":5,"17":1,"18":1,"19":1,"20":0,"21":0,"22":1,"23":1,"24":1},"f":{"0":11},"b":{"0":[2,9],"1":[1,8],"2":[1,7],"3":[8,8],"4":[1,6],"5":[5,1]},"_coverageSchema":"1a1c01bbd47fc00a2c39e90264f33305004495a9","hash":"52ede918007258a9705aca14acb60609fbba597b"}
,"D:\\4 курс\\2-семестр\\Тестирование ПО\\labs\\lab1\\task\\task_03.js": {"path":"D:\\4 курс\\2-семестр\\Тестирование ПО\\labs\\lab1\\task\\task_03.js","statementMap":{"0":{"start":{"line":5,"column":4},"end":{"line":5,"column":30}},"1":{"start":{"line":5,"column":23},"end":{"line":5,"column":28}},"2":{"start":{"line":7,"column":15},"end":{"line":7,"column":16}},"3":{"start":{"line":8,"column":16},"end":{"line":8,"column":30}},"4":{"start":{"line":10,"column":4},"end":{"line":20,"column":5}},"5":{"start":{"line":11,"column":18},"end":{"line":11,"column":48}},"6":{"start":{"line":13,"column":6},"end":{"line":19,"column":7}},"7":{"start":{"line":14,"column":8},"end":{"line":14,"column":19}},"8":{"start":{"line":15,"column":13},"end":{"line":19,"column":7}},"9":{"start":{"line":16,"column":8},"end":{"line":16,"column":23}},"10":{"start":{"line":18,"column":8},"end":{"line":18,"column":24}},"11":{"start":{"line":22,"column":4},"end":{"line":22,"column":14}},"12":{"start":{"line":31,"column":0},"end":{"line":31,"column":30}}},"fnMap":{"0":{"name":"binarySearch","decl":{"start":{"line":1,"column":9},"end":{"line":1,"column":21}},"loc":{"start":{"line":1,"column":32},"end":{"line":24,"column":3}},"line":1},"1":{"name":"(anonymous_1)","decl":{"start":{"line":5,"column":13},"end":{"line":5,"column":14}},"loc":{"start":{"line":5,"column":23},"end":{"line":5,"column":28}},"line":5}},"branchMap":{"0":{"loc":{"start":{"line":13,"column":6},"end":{"line":19,"column":7}},"type":"if","locations":[{"start":{"line":13,"column":6},"end":{"line":19,"column":7}},{"start":{"line":15,"column":13},"end":{"line":19,"column":7}}],"line":13},"1":{"loc":{"start":{"line":15,"column":13},"end":{"line":19,"column":7}},"type":"if","locations":[{"start":{"line":15,"column":13},"end":{"line":19,"column":7}},{"start":{"line":17,"column":13},"end":{"line":19,"column":7}}],"line":15}},"s":{"0":27,"1":188,"2":27,"3":27,"4":27,"5":65,"6":65,"7":22,"8":43,"9":32,"10":11,"11":5,"12":1},"f":{"0":27,"1":188},"b":{"0":[22,43],"1":[32,11]},"_coverageSchema":"1a1c01bbd47fc00a2c39e90264f33305004495a9","hash":"82fe23717638454af97058f092837bb5399e15a8"}
,"D:\\4 курс\\2-семестр\\Тестирование ПО\\labs\\lab1\\task\\task_04.js": {"path":"D:\\4 курс\\2-семестр\\Тестирование ПО\\labs\\lab1\\task\\task_04.js","statementMap":{"0":{"start":{"line":2,"column":15},"end":{"line":2,"column":28}},"1":{"start":{"line":3,"column":15},"end":{"line":3,"column":31}},"2":{"start":{"line":6,"column":21},"end":{"line":6,"column":44}},"3":{"start":{"line":8,"column":2},"end":{"line":18,"column":3}},"4":{"start":{"line":8,"column":15},"end":{"line":8,"column":16}},"5":{"start":{"line":9,"column":4},"end":{"line":17,"column":5}},"6":{"start":{"line":9,"column":17},"end":{"line":9,"column":18}},"7":{"start":{"line":10,"column":6},"end":{"line":10,"column":36}},"8":{"start":{"line":20,"column":2},"end":{"line":20,"column":20}},"9":{"start":{"line":23,"column":15},"end":{"line":28,"column":1}},"10":{"start":{"line":30,"column":15},"end":{"line":30,"column":33}},"11":{"start":{"line":31,"column":0},"end":{"line":31,"column":20}},"12":{"start":{"line":33,"column":0},"end":{"line":33,"column":28}}},"fnMap":{"0":{"name":"sumColumns","decl":{"start":{"line":1,"column":9},"end":{"line":1,"column":19}},"loc":{"start":{"line":1,"column":28},"end":{"line":21,"column":1}},"line":1}},"branchMap":{},"s":{"0":9,"1":9,"2":9,"3":9,"4":9,"5":28,"6":28,"7":85,"8":9,"9":1,"10":1,"11":1,"12":1},"f":{"0":9},"b":{},"_coverageSchema":"1a1c01bbd47fc00a2c39e90264f33305004495a9","hash":"1e36fadc441e892ab4f7720adde0373b5ba776d2"}
}
