TN:
SF:task\task_01.js
FN:1,solveQuadraticEquation
FNF:1
FNH:0
FNDA:0,solveQuadraticEquation
DA:2,0
DA:4,0
DA:5,0
DA:6,0
DA:7,0
DA:8,0
DA:9,0
DA:10,0
DA:12,0
DA:19,1
LF:10
LH:1
BRDA:4,0,0,0
BRDA:4,0,1,0
BRDA:8,1,0,0
BRDA:8,1,1,0
BRF:4
BRH:0
end_of_record
TN:
SF:task\task_02.js
FN:1,solveFibonacci
FNF:1
FNH:1
FNDA:11,solveFibonacci
DA:2,11
DA:3,2
DA:6,9
DA:7,1
DA:10,8
DA:11,1
DA:14,7
DA:15,1
DA:18,6
DA:20,5
DA:21,5
DA:22,3044
DA:23,3044
DA:24,3044
DA:26,5
DA:29,1
DA:31,1
DA:32,0
DA:33,0
DA:36,1
DA:42,1
DA:44,1
LF:22
LH:20
BRDA:2,0,0,2
BRDA:2,0,1,9
BRDA:6,1,0,1
BRDA:6,1,1,8
BRDA:10,2,0,1
BRDA:10,2,1,7
BRDA:10,3,0,8
BRDA:10,3,1,8
BRDA:14,4,0,1
BRDA:14,4,1,6
BRDA:18,5,0,5
BRDA:18,5,1,1
BRF:12
BRH:12
end_of_record
TN:
SF:task\task_03.js
FN:1,binarySearch
FN:5,(anonymous_1)
FNF:2
FNH:2
FNDA:27,binarySearch
FNDA:188,(anonymous_1)
DA:5,188
DA:7,27
DA:8,27
DA:10,27
DA:11,65
DA:13,65
DA:14,22
DA:15,43
DA:16,32
DA:18,11
DA:22,5
DA:31,1
LF:12
LH:12
BRDA:13,0,0,22
BRDA:13,0,1,43
BRDA:15,1,0,32
BRDA:15,1,1,11
BRF:4
BRH:4
end_of_record
TN:
SF:task\task_04.js
FN:1,sumColumns
FNF:1
FNH:1
FNDA:9,sumColumns
DA:2,9
DA:3,9
DA:6,9
DA:8,9
DA:9,28
DA:10,85
DA:20,9
DA:23,1
DA:30,1
DA:31,1
DA:33,1
LF:11
LH:11
BRF:0
BRH:0
end_of_record
